camera/build/outputs/logs/manifest-merger-debug-report.txt
-- Merging decision tree log ---
manifest
ADDED from PolyPickerDemo\camera\AndroidManifest.xml:1:1-8:12
INJECTED from PolyPickerDemo\camera\AndroidManifest.xml:1:1-8:12
INJECTED from PolyPickerDemo\camera\AndroidManifest.xml:1:1-8:12
INJECTED from PolyPickerDemo\camera\AndroidManifest.xml:1:1-8:12
INJECTED from PolyPickerDemo\camera\AndroidManifest.xml:1:1-8:12
INJECTED from PolyPickerDemo\camera\AndroidManifest.xml:1:1-8:12
INJECTED from PolyPickerDemo\camera\AndroidManifest.xml:1:1-8:12
	package
		ADDED from PolyPickerDemo\camera\AndroidManifest.xml:2:2-39
		INJECTED from PolyPickerDemo\camera\AndroidManifest.xml
		INJECTED from PolyPickerDemo\camera\AndroidManifest.xml
	android:versionName
		ADDED from PolyPickerDemo\camera\AndroidManifest.xml:4:2-27
		INJECTED from PolyPickerDemo\camera\AndroidManifest.xml
		INJECTED from PolyPickerDemo\camera\AndroidManifest.xml
	xmlns:android
		ADDED from PolyPickerDemo\camera\AndroidManifest.xml:1:11-69
	android:versionCode
		ADDED from PolyPickerDemo\camera\AndroidManifest.xml:3:2-25
		INJECTED from PolyPickerDemo\camera\AndroidManifest.xml
		INJECTED from PolyPickerDemo\camera\AndroidManifest.xml
application
ADDED from PolyPickerDemo\camera\AndroidManifest.xml:6:2-16
uses-sdk
INJECTED from PolyPickerDemo\camera\AndroidManifest.xml reason: use-sdk injection requested
INJECTED from PolyPickerDemo\camera\AndroidManifest.xml
INJECTED from PolyPickerDemo\camera\AndroidManifest.xml
INJECTED from PolyPickerDemo\camera\AndroidManifest.xml
INJECTED from PolyPickerDemo\camera\AndroidManifest.xml
	android:targetSdkVersion
		INJECTED from PolyPickerDemo\camera\AndroidManifest.xml
		ADDED from PolyPickerDemo\camera\AndroidManifest.xml
		INJECTED from PolyPickerDemo\camera\AndroidManifest.xml
	android:minSdkVersion
		INJECTED from PolyPickerDemo\camera\AndroidManifest.xml
		ADDED from PolyPickerDemo\camera\AndroidManifest.xml
		INJECTED from PolyPickerDemo\camera\AndroidManifest.xml